Build started 2014/12/19 16:07:21.
     1>Project "D:\Users\OfficeServerHigh\Documents\Visual Studio 2010\Projects\Firewall\Firewall\Firewall.vcxproj" on node 3 (build target(s)).
     1>InitializeBuildStatus:
         Creating "x64\Release\Firewall.unsuccessfulbuild" because "AlwaysCreate" was specified.
       ClCompile:
         D:\Program Files (x86)\Microsoft Visual Studio 10.0\VC\bin\x86_amd64\CL.exe /c /Zi /nologo /W3 /WX- /O2 /Oi /GL /D WIN32 /D NDEBUG /D _CONSOLE /D _UNICODE /D UNICODE /Gm- /EHsc /MT /GS /Gy /fp:precise /Zc:wchar_t /Zc:forScope /Yc"StdAfx.h" /Fp"x64\Release\Firewall.pch" /Fo"x64\Release\\" /Fd"x64\Release\vc100.pdb" /Gd /TP /errorReport:prompt stdafx.cpp
         stdafx.cpp
         D:\Program Files (x86)\Microsoft Visual Studio 10.0\VC\bin\x86_amd64\CL.exe /c /Zi /nologo /W3 /WX- /O2 /Oi /GL /D WIN32 /D NDEBUG /D _CONSOLE /D _UNICODE /D UNICODE /Gm- /EHsc /MT /GS /Gy /fp:precise /Zc:wchar_t /Zc:forScope /Yu"StdAfx.h" /Fp"x64\Release\Firewall.pch" /Fo"x64\Release\\" /Fd"x64\Release\vc100.pdb" /Gd /TP /errorReport:prompt Firewall.cpp
         Firewall.cpp
       Link:
         D:\Program Files (x86)\Microsoft Visual Studio 10.0\VC\bin\x86_amd64\link.exe /ERRORREPORT:PROMPT /OUT:"D:\Users\OfficeServerHigh\Documents\Visual Studio 2010\Projects\Firewall\x64\Release\Firewall.exe" /INCREMENTAL:NO /NOLOGO kernel32.lib user32.lib gdi32.lib winspool.lib comdlg32.lib advapi32.lib shell32.lib ole32.lib oleaut32.lib uuid.lib odbc32.lib odbccp32.lib /MANIFEST /ManifestFile:"x64\Release\Firewall.exe.intermediate.manifest" /MANIFESTUAC:"level='asInvoker' uiAccess='false'" /DEBUG /PDB:"D:\Users\OfficeServerHigh\Documents\Visual Studio 2010\Projects\Firewall\x64\Release\Firewall.pdb" /SUBSYSTEM:CONSOLE /OPT:REF /OPT:ICF /LTCG /TLBID:1 /DYNAMICBASE /NXCOMPAT /IMPLIB:"D:\Users\OfficeServerHigh\Documents\Visual Studio 2010\Projects\Firewall\x64\Release\Firewall.lib" /MACHINE:X64 x64\Release\Firewall.obj
         x64\Release\stdafx.obj
         正在生成代码
         已完成代码的生成
         Firewall.vcxproj -> D:\Users\OfficeServerHigh\Documents\Visual Studio 2010\Projects\Firewall\x64\Release\Firewall.exe
       Manifest:
         C:\Program Files (x86)\Microsoft SDKs\Windows\v7.0A\bin\mt.exe /nologo /verbose /outputresource:"D:\Users\OfficeServerHigh\Documents\Visual Studio 2010\Projects\Firewall\x64\Release\Firewall.exe;#1" /manifest x64\Release\Firewall.exe.intermediate.manifest
       FinalizeBuildStatus:
         Deleting file "x64\Release\Firewall.unsuccessfulbuild".
         Touching "x64\Release\Firewall.lastbuildstate".
     1>Done Building Project "D:\Users\OfficeServerHigh\Documents\Visual Studio 2010\Projects\Firewall\Firewall\Firewall.vcxproj" (build target(s)).

生成成功。

Time Elapsed 00:00:03.82
