Build started 2014/12/19 12:23:54.
     1>Project "d:\Users\officeserverhigh\documents\visual studio 2010\Projects\Firewall\Firewall\Firewall.vcxproj" on node 3 (build target(s)).
     1>InitializeBuildStatus:
         Creating "Debug\Firewall.unsuccessfulbuild" because "AlwaysCreate" was specified.
       ClCompile:
         All outputs are up-to-date.
         All outputs are up-to-date.
       ManifestResourceCompile:
         All outputs are up-to-date.
       Link:
         All outputs are up-to-date.
         D:\Program Files (x86)\Microsoft Visual Studio 10.0\VC\bin\link.exe /ERRORREPORT:PROMPT /OUT:"d:\users\officeserverhigh\documents\visual studio 2010\Projects\Firewall\Debug\Firewall.exe" /INCREMENTAL /NOLOGO kernel32.lib user32.lib gdi32.lib winspool.lib comdlg32.lib advapi32.lib shell32.lib ole32.lib oleaut32.lib uuid.lib odbc32.lib odbccp32.lib /MANIFEST /ManifestFile:"Debug\Firewall.exe.intermediate.manifest" /MANIFESTUAC:"level='asInvoker' uiAccess='false'" /DEBUG /PDB:"d:\users\officeserverhigh\documents\visual studio 2010\Projects\Firewall\Debug\Firewall.pdb" /SUBSYSTEM:CONSOLE /TLBID:1 /DYNAMICBASE /NXCOMPAT /IMPLIB:"d:\users\officeserverhigh\documents\visual studio 2010\Projects\Firewall\Debug\Firewall.lib" /MACHINE:X86 Debug\Firewall.exe.embed.manifest.res
         Debug\Firewall.obj
         Debug\stdafx.obj
       Manifest:
         C:\Program Files (x86)\Microsoft SDKs\Windows\v7.0A\bin\mt.exe /nologo /verbose /out:"Debug\Firewall.exe.embed.manifest" /manifest Debug\Firewall.exe.intermediate.manifest
         All outputs are up-to-date.
       LinkEmbedManifest:
         All outputs are up-to-date.
         Firewall.vcxproj -> d:\users\officeserverhigh\documents\visual studio 2010\Projects\Firewall\Debug\Firewall.exe
       FinalizeBuildStatus:
         Deleting file "Debug\Firewall.unsuccessfulbuild".
         Touching "Debug\Firewall.lastbuildstate".
     1>Done Building Project "d:\Users\officeserverhigh\documents\visual studio 2010\Projects\Firewall\Firewall\Firewall.vcxproj" (build target(s)).

生成成功。

Time Elapsed 00:00:00.27
