Build started 2014/12/19 12:22:56.
     1>Project "d:\Users\officeserverhigh\documents\visual studio 2010\Projects\Firewall\Firewall\Firewall.vcxproj" on node 3 (build target(s)).
     1>InitializeBuildStatus:
         Creating "x64\Debug\Firewall.unsuccessfulbuild" because "AlwaysCreate" was specified.
       ClCompile:
         D:\Program Files (x86)\Microsoft Visual Studio 10.0\VC\bin\x86_amd64\CL.exe /c /Zi /nologo /W3 /WX- /Od /D WIN32 /D _DEBUG /D _CONSOLE /D _UNICODE /D UNICODE /Gm /EHsc /RTC1 /MDd /GS /fp:precise /Zc:wchar_t /Zc:forScope /Yc"StdAfx.h" /Fp"x64\Debug\Firewall.pch" /Fo"x64\Debug\\" /Fd"x64\Debug\vc100.pdb" /Gd /TP /errorReport:prompt stdafx.cpp
         stdafx.cpp
         D:\Program Files (x86)\Microsoft Visual Studio 10.0\VC\bin\x86_amd64\CL.exe /c /Zi /nologo /W3 /WX- /Od /D WIN32 /D _DEBUG /D _CONSOLE /D _UNICODE /D UNICODE /Gm /EHsc /RTC1 /MDd /GS /fp:precise /Zc:wchar_t /Zc:forScope /Yu"StdAfx.h" /Fp"x64\Debug\Firewall.pch" /Fo"x64\Debug\\" /Fd"x64\Debug\vc100.pdb" /Gd /TP /errorReport:prompt Firewall.cpp
         Firewall.cpp
       ManifestResourceCompile:
         C:\Program Files (x86)\Microsoft SDKs\Windows\v7.0A\bin\rc.exe /nologo /fo"x64\Debug\Firewall.exe.embed.manifest.res" x64\Debug\Firewall_manifest.rc 
       Link:
         D:\Program Files (x86)\Microsoft Visual Studio 10.0\VC\bin\x86_amd64\link.exe /ERRORREPORT:PROMPT /OUT:"d:\users\officeserverhigh\documents\visual studio 2010\Projects\Firewall\x64\Debug\Firewall.exe" /INCREMENTAL /NOLOGO kernel32.lib user32.lib gdi32.lib winspool.lib comdlg32.lib advapi32.lib shell32.lib ole32.lib oleaut32.lib uuid.lib odbc32.lib odbccp32.lib /MANIFEST /ManifestFile:"x64\Debug\Firewall.exe.intermediate.manifest" /MANIFESTUAC:"level='asInvoker' uiAccess='false'" /DEBUG /PDB:"d:\users\officeserverhigh\documents\visual studio 2010\Projects\Firewall\x64\Debug\Firewall.pdb" /SUBSYSTEM:CONSOLE /TLBID:1 /DYNAMICBASE /NXCOMPAT /IMPLIB:"d:\users\officeserverhigh\documents\visual studio 2010\Projects\Firewall\x64\Debug\Firewall.lib" /MACHINE:X64 x64\Debug\Firewall.exe.embed.manifest.res
         x64\Debug\Firewall.obj
         x64\Debug\stdafx.obj
         Firewall.vcxproj -> d:\users\officeserverhigh\documents\visual studio 2010\Projects\Firewall\x64\Debug\Firewall.exe
       Manifest:
         C:\Program Files (x86)\Microsoft SDKs\Windows\v7.0A\bin\mt.exe /nologo /verbose /out:"x64\Debug\Firewall.exe.embed.manifest" /manifest x64\Debug\Firewall.exe.intermediate.manifest
         C:\Program Files (x86)\Microsoft SDKs\Windows\v7.0A\bin\rc.exe /nologo /fo"x64\Debug\Firewall.exe.embed.manifest.res" x64\Debug\Firewall_manifest.rc 
       LinkEmbedManifest:
         D:\Program Files (x86)\Microsoft Visual Studio 10.0\VC\bin\x86_amd64\link.exe /ERRORREPORT:PROMPT /OUT:"d:\users\officeserverhigh\documents\visual studio 2010\Projects\Firewall\x64\Debug\Firewall.exe" /INCREMENTAL /NOLOGO kernel32.lib user32.lib gdi32.lib winspool.lib comdlg32.lib advapi32.lib shell32.lib ole32.lib oleaut32.lib uuid.lib odbc32.lib odbccp32.lib /MANIFEST /ManifestFile:"x64\Debug\Firewall.exe.intermediate.manifest" /MANIFESTUAC:"level='asInvoker' uiAccess='false'" /DEBUG /PDB:"d:\users\officeserverhigh\documents\visual studio 2010\Projects\Firewall\x64\Debug\Firewall.pdb" /SUBSYSTEM:CONSOLE /TLBID:1 /DYNAMICBASE /NXCOMPAT /IMPLIB:"d:\users\officeserverhigh\documents\visual studio 2010\Projects\Firewall\x64\Debug\Firewall.lib" /MACHINE:X64 x64\Debug\Firewall.exe.embed.manifest.res
         x64\Debug\Firewall.obj
         x64\Debug\stdafx.obj
         Firewall.vcxproj -> d:\users\officeserverhigh\documents\visual studio 2010\Projects\Firewall\x64\Debug\Firewall.exe
       FinalizeBuildStatus:
         Deleting file "x64\Debug\Firewall.unsuccessfulbuild".
         Touching "x64\Debug\Firewall.lastbuildstate".
     1>Done Building Project "d:\Users\officeserverhigh\documents\visual studio 2010\Projects\Firewall\Firewall\Firewall.vcxproj" (build target(s)).

生成成功。

Time Elapsed 00:00:05.00
